<?xml version="1.0" encoding="UTF-8"?>
<testsuite name="DITest" tests="0" skipped="0" failures="0" errors="0" timestamp="1970-01-01T00:00:00" hostname="admin-PC" time="0.0">
  <properties/>
  <system-out><![CDATA[]]></system-out>
  <system-err><![CDATA[十月 25, 2016 4:05:58 下午 org.springframework.test.context.TestContextManager retrieveTestExecutionListeners
信息: Could not instantiate TestExecutionListener [org.springframework.test.context.web.ServletTestExecutionListener]. Specify custom listener classes or make the default listener classes (and their required dependencies) available. Offending class: [javax/servlet/ServletContext]
十月 25, 2016 4:05:58 下午 org.springframework.test.context.TestContextManager retrieveTestExecutionListeners
信息: Could not instantiate TestExecutionListener [org.springframework.test.context.transaction.TransactionalTestExecutionListener]. Specify custom listener classes or make the default listener classes (and their required dependencies) available. Offending class: [org/springframework/transaction/interceptor/TransactionAttributeSource]
]]></system-err>
</testsuite>
